<?xml version="1.0" encoding="UTF-8"?>
<!-- Generated by org.testng.reporters.JUnitReportReporter -->
<testsuite hostname="IN-PG02CJ07" failures="0" tests="3" name="TestPages.BaseTest" time="6.445" errors="0" timestamp="2023-10-09T09:17:36 IST" skipped="0">
  <testcase classname="TestPages.BaseTest" name="testUpdateBooking" time="1.440"/>
  <testcase classname="TestPages.BaseTest" name="testAddBooking" time="3.511"/>
  <testcase classname="TestPages.BaseTest" name="testGetBooking" time="1.494"/>
</testsuite> <!-- TestPages.BaseTest -->
