<?xml version="1.0" encoding="UTF-8"?>
<!-- Generated by org.testng.reporters.JUnitReportReporter -->
<testsuite hostname="IN-PG02CJ07" failures="0" tests="3" name="TestPages.BaseTest2" time="4.326" errors="0" timestamp="2023-10-09T09:17:36 IST" skipped="0">
  <testcase classname="TestPages.BaseTest2" name="testPartialUpdateBooking" time="1.430"/>
  <testcase classname="TestPages.BaseTest2" name="testDeleteBooking" time="1.461"/>
  <testcase classname="TestPages.BaseTest2" name="testAddBooking" time="1.435"/>
</testsuite> <!-- TestPages.BaseTest2 -->
